2014-12-05 19:23:05.495 EST [Start Level Event Dispatcher] INFO  o.o.c.c.s.internal.ClusterManager - I'm a GossipRouter will listen on port 12001
2014-12-05 19:23:05.591 EST [Start Level Event Dispatcher] INFO  o.o.c.c.s.internal.ClusterManager - Started GossipRouter
2014-12-05 19:23:05.592 EST [Start Level Event Dispatcher] INFO  o.o.c.c.s.internal.ClusterManager - Starting the ClusterManager
2014-12-05 19:23:06.498 EST [fileinstall-./plugins] INFO  o.o.c.p.o.c.i.EnhancedController - of.reserve_of_port NOT enabled. Hoping to work with a OF Broker
2014-12-05 19:23:11.087 EST [Start Level Event Dispatcher] INFO  o.o.c.c.i.ConfigurationService - ConfigurationService Manager init
2014-12-05 19:23:11.739 EST [Start Level Event Dispatcher] WARN  o.o.c.u.internal.UserManager - Network Administrator password is set to factory default. Please change the password as soon as possible.
2014-12-05 19:23:36.514 EST [fileinstall-./plugins] INFO  o.o.c.p.o.core.internal.Controller - of.reserve_of_port NOT enabled. Hoping to work with a OF Broker
2014-12-05 19:23:36.531 EST [fileinstall-./plugins] INFO  o.o.c.p.o.internal.Activator - REGISTERED OF13 Based SB Plugin
2014-12-05 19:23:54.677 EST [org.opendaylight.controller.logging.bridge.internal.LogListenerImpl@69c60260] WARN  o.o.c.logging.bridge.OSGI2SLF4J - Bundle:columbia.regopt Message:Invocation of 'start' failed.
java.lang.NullPointerException: null
	at regopt.RO.Topologychild(RO.java:224) ~[na:na]
	at regopt.RO.roImplementation(RO.java:176) ~[na:na]
	at regopt.RO.start(RO.java:168) ~[na:na]
	at sun.reflect.NativeMethodAccessorImpl.invoke0(Native Method) ~[na:1.7.0_55]
	at sun.reflect.NativeMethodAccessorImpl.invoke(NativeMethodAccessorImpl.java:57) ~[na:1.7.0_55]
	at sun.reflect.DelegatingMethodAccessorImpl.invoke(DelegatingMethodAccessorImpl.java:43) ~[na:1.7.0_55]
	at java.lang.reflect.Method.invoke(Method.java:606) ~[na:1.7.0_55]
	at org.apache.felix.dm.InvocationUtil.invokeMethod(InvocationUtil.java:111) ~[na:na]
	at org.apache.felix.dm.InvocationUtil.invokeCallbackMethod(InvocationUtil.java:66) ~[na:na]
	at org.apache.felix.dm.impl.ComponentImpl.invokeCallbackMethod(ComponentImpl.java:688) ~[na:na]
	at org.apache.felix.dm.impl.ComponentImpl.invoke(ComponentImpl.java:679) ~[na:na]
	at org.apache.felix.dm.impl.ComponentImpl.bindService(ComponentImpl.java:624) ~[na:na]
	at org.apache.felix.dm.impl.ComponentImpl.access$400(ComponentImpl.java:52) ~[na:na]
	at org.apache.felix.dm.impl.ComponentImpl$7.run(ComponentImpl.java:181) ~[na:na]
	at org.apache.felix.dm.impl.SerialExecutor$1.run(SerialExecutor.java:47) ~[na:na]
	at org.apache.felix.dm.impl.SerialExecutor.scheduleNext(SerialExecutor.java:84) ~[na:na]
	at org.apache.felix.dm.impl.SerialExecutor.access$000(SerialExecutor.java:33) ~[na:na]
	at org.apache.felix.dm.impl.SerialExecutor$1.run(SerialExecutor.java:50) ~[na:na]
	at org.apache.felix.dm.impl.SerialExecutor.scheduleNext(SerialExecutor.java:84) ~[na:na]
	at org.apache.felix.dm.impl.SerialExecutor.access$000(SerialExecutor.java:33) ~[na:na]
	at org.apache.felix.dm.impl.SerialExecutor$1.run(SerialExecutor.java:50) ~[na:na]
	at org.apache.felix.dm.impl.SerialExecutor.scheduleNext(SerialExecutor.java:84) ~[na:na]
	at org.apache.felix.dm.impl.SerialExecutor.execute(SerialExecutor.java:68) ~[na:na]
	at org.apache.felix.dm.impl.ComponentImpl.calculateStateChanges(ComponentImpl.java:231) ~[na:na]
	at org.apache.felix.dm.impl.ComponentImpl.start(ComponentImpl.java:399) ~[na:na]
	at org.apache.felix.dm.DependencyManager.add(DependencyManager.java:169) ~[na:na]
	at org.opendaylight.controller.sal.core.ComponentActivatorAbstractBase.containerCreate(ComponentActivatorAbstractBase.java:220) ~[na:na]
	at org.opendaylight.controller.containermanager.internal.ContainerManager.setIContainerAware(ContainerManager.java:148) ~[na:na]
	at sun.reflect.GeneratedMethodAccessor26.invoke(Unknown Source) ~[na:na]
	at sun.reflect.DelegatingMethodAccessorImpl.invoke(DelegatingMethodAccessorImpl.java:43) ~[na:1.7.0_55]
	at java.lang.reflect.Method.invoke(Method.java:606) ~[na:1.7.0_55]
	at org.apache.felix.dm.InvocationUtil.invokeMethod(InvocationUtil.java:111) ~[na:na]
	at org.apache.felix.dm.InvocationUtil.invokeCallbackMethod(InvocationUtil.java:66) ~[na:na]
	at org.apache.felix.dm.impl.ComponentImpl.invokeCallbackMethod(ComponentImpl.java:688) ~[na:na]
	at org.apache.felix.dm.impl.dependencies.ServiceDependencyImpl.invoke(ServiceDependencyImpl.java:704) ~[na:na]
	at org.apache.felix.dm.impl.dependencies.ServiceDependencyImpl.invokeAdded(ServiceDependencyImpl.java:544) ~[na:na]
	at org.apache.felix.dm.impl.dependencies.ServiceDependencyImpl.addedService(ServiceDependencyImpl.java:482) ~[na:na]
	at org.apache.felix.dm.tracker.ServiceTracker$Tracked.customizerAdded(ServiceTracker.java:1325) ~[na:na]
	at org.apache.felix.dm.tracker.AbstractTracked.trackAdding(AbstractTracked.java:290) ~[na:na]
	at org.apache.felix.dm.tracker.AbstractTracked.track(AbstractTracked.java:236) ~[na:na]
	at org.apache.felix.dm.tracker.ServiceTracker$Tracked.serviceChangedHideAspects(ServiceTracker.java:1206) ~[na:na]
	at org.apache.felix.dm.tracker.ServiceTracker$Tracked.serviceChanged(ServiceTracker.java:1101) ~[na:na]
	at org.eclipse.osgi.internal.serviceregistry.FilteredServiceListener.serviceChanged(FilteredServiceListener.java:107) ~[org.eclipse.osgi-3.8.1.v20120830-144521.jar:na]
	at org.eclipse.osgi.framework.internal.core.BundleContextImpl.dispatchEvent(BundleContextImpl.java:861) ~[org.eclipse.osgi-3.8.1.v20120830-144521.jar:na]
	at org.eclipse.osgi.framework.eventmgr.EventManager.dispatchEvent(EventManager.java:230) ~[org.eclipse.osgi-3.8.1.v20120830-144521.jar:na]
	at org.eclipse.osgi.framework.eventmgr.ListenerQueue.dispatchEventSynchronous(ListenerQueue.java:148) ~[org.eclipse.osgi-3.8.1.v20120830-144521.jar:na]
	at org.eclipse.osgi.internal.serviceregistry.ServiceRegistry.publishServiceEventPrivileged(ServiceRegistry.java:819) ~[org.eclipse.osgi-3.8.1.v20120830-144521.jar:na]
	at org.eclipse.osgi.internal.serviceregistry.ServiceRegistry.publishServiceEvent(ServiceRegistry.java:771) ~[org.eclipse.osgi-3.8.1.v20120830-144521.jar:na]
	at org.eclipse.osgi.internal.serviceregistry.ServiceRegistrationImpl.register(ServiceRegistrationImpl.java:130) ~[org.eclipse.osgi-3.8.1.v20120830-144521.jar:na]
	at org.eclipse.osgi.internal.serviceregistry.ServiceRegistry.registerService(ServiceRegistry.java:214) ~[org.eclipse.osgi-3.8.1.v20120830-144521.jar:na]
	at org.eclipse.osgi.framework.internal.core.BundleContextImpl.registerService(BundleContextImpl.java:433) ~[org.eclipse.osgi-3.8.1.v20120830-144521.jar:na]
	at org.eclipse.osgi.framework.internal.core.BundleContextImpl.registerService(BundleContextImpl.java:451) ~[org.eclipse.osgi-3.8.1.v20120830-144521.jar:na]
	at org.opendaylight.controller.sal.core.ComponentActivatorAbstractBase.start(ComponentActivatorAbstractBase.java:367) ~[na:na]
	at org.eclipse.osgi.framework.internal.core.BundleContextImpl$1.run(BundleContextImpl.java:711) ~[org.eclipse.osgi-3.8.1.v20120830-144521.jar:na]
	at java.security.AccessController.doPrivileged(Native Method) ~[na:1.7.0_55]
	at org.eclipse.osgi.framework.internal.core.BundleContextImpl.startActivator(BundleContextImpl.java:702) ~[org.eclipse.osgi-3.8.1.v20120830-144521.jar:na]
	at org.eclipse.osgi.framework.internal.core.BundleContextImpl.start(BundleContextImpl.java:683) ~[org.eclipse.osgi-3.8.1.v20120830-144521.jar:na]
	at org.eclipse.osgi.framework.internal.core.BundleHost.startWorker(BundleHost.java:381) ~[org.eclipse.osgi-3.8.1.v20120830-144521.jar:na]
	at org.eclipse.osgi.framework.internal.core.AbstractBundle.start(AbstractBundle.java:300) ~[org.eclipse.osgi-3.8.1.v20120830-144521.jar:na]
	at org.eclipse.osgi.framework.internal.core.AbstractBundle.start(AbstractBundle.java:292) ~[org.eclipse.osgi-3.8.1.v20120830-144521.jar:na]
	at org.eclipse.equinox.console.commands.EquinoxCommandProvider.start(EquinoxCommandProvider.java:235) ~[na:na]
	at sun.reflect.NativeMethodAccessorImpl.invoke0(Native Method) ~[na:1.7.0_55]
	at sun.reflect.NativeMethodAccessorImpl.invoke(NativeMethodAccessorImpl.java:57) ~[na:1.7.0_55]
	at sun.reflect.DelegatingMethodAccessorImpl.invoke(DelegatingMethodAccessorImpl.java:43) ~[na:1.7.0_55]
	at java.lang.reflect.Method.invoke(Method.java:606) ~[na:1.7.0_55]
	at org.apache.felix.gogo.runtime.Reflective.method(Reflective.java:136) ~[na:na]
	at org.apache.felix.gogo.runtime.CommandProxy.execute(CommandProxy.java:82) ~[na:na]
	at org.apache.felix.gogo.runtime.Closure.executeCmd(Closure.java:469) ~[na:na]
	at org.apache.felix.gogo.runtime.Closure.executeStatement(Closure.java:395) ~[na:na]
	at org.apache.felix.gogo.runtime.Pipe.run(Pipe.java:108) ~[na:na]
	at org.apache.felix.gogo.runtime.Closure.execute(Closure.java:183) ~[na:na]
	at org.apache.felix.gogo.runtime.Closure.execute(Closure.java:120) ~[na:na]
	at org.apache.felix.gogo.runtime.CommandSessionImpl.execute(CommandSessionImpl.java:89) ~[na:na]
	at org.apache.felix.gogo.shell.Console.run(Console.java:62) ~[na:na]
	at org.apache.felix.gogo.shell.Shell.console(Shell.java:203) ~[na:na]
	at org.apache.felix.gogo.shell.Shell.gosh(Shell.java:128) ~[na:na]
	at sun.reflect.NativeMethodAccessorImpl.invoke0(Native Method) ~[na:1.7.0_55]
	at sun.reflect.NativeMethodAccessorImpl.invoke(NativeMethodAccessorImpl.java:57) ~[na:1.7.0_55]
	at sun.reflect.DelegatingMethodAccessorImpl.invoke(DelegatingMethodAccessorImpl.java:43) ~[na:1.7.0_55]
	at java.lang.reflect.Method.invoke(Method.java:606) ~[na:1.7.0_55]
	at org.apache.felix.gogo.runtime.Reflective.method(Reflective.java:136) ~[na:na]
	at org.apache.felix.gogo.runtime.CommandProxy.execute(CommandProxy.java:82) ~[na:na]
	at org.apache.felix.gogo.runtime.Closure.executeCmd(Closure.java:469) ~[na:na]
	at org.apache.felix.gogo.runtime.Closure.executeStatement(Closure.java:395) ~[na:na]
	at org.apache.felix.gogo.runtime.Pipe.run(Pipe.java:108) ~[na:na]
	at org.apache.felix.gogo.runtime.Closure.execute(Closure.java:183) ~[na:na]
	at org.apache.felix.gogo.runtime.Closure.execute(Closure.java:120) ~[na:na]
	at org.apache.felix.gogo.runtime.CommandSessionImpl.execute(CommandSessionImpl.java:89) ~[na:na]
	at org.apache.felix.gogo.shell.Activator.run(Activator.java:75) ~[na:na]
	at java.lang.Thread.run(Thread.java:744) ~[na:1.7.0_55]
